-------------------------------------------------------------------------------
Test set: com.tensquare.test.ProductTest
-------------------------------------------------------------------------------
Tests run: 3, Failures: 0, Errors: 3, Skipped: 0, Time elapsed: 66.149 s <<< FAILURE! - in com.tensquare.test.ProductTest
sendMsg1(com.tensquare.test.ProductTest)  Time elapsed: 11.912 s  <<< ERROR!
org.springframework.amqp.AmqpConnectException: java.net.ConnectException: Connection refused: connect
	at com.tensquare.test.ProductTest.sendMsg1(ProductTest.java:20)
Caused by: java.net.ConnectException: Connection refused: connect
	at com.tensquare.test.ProductTest.sendMsg1(ProductTest.java:20)

sendMsg2(com.tensquare.test.ProductTest)  Time elapsed: 16.015 s  <<< ERROR!
org.springframework.amqp.AmqpConnectException: java.net.ConnectException: Connection refused: connect
	at com.tensquare.test.ProductTest.sendMsg2(ProductTest.java:28)
Caused by: java.net.ConnectException: Connection refused: connect
	at com.tensquare.test.ProductTest.sendMsg2(ProductTest.java:28)

sendMsg3(com.tensquare.test.ProductTest)  Time elapsed: 16.051 s  <<< ERROR!
org.springframework.amqp.AmqpConnectException: java.net.ConnectException: Connection refused: connect
	at com.tensquare.test.ProductTest.sendMsg3(ProductTest.java:37)
Caused by: java.net.ConnectException: Connection refused: connect
	at com.tensquare.test.ProductTest.sendMsg3(ProductTest.java:37)

