<?xml version="1.0" encoding="UTF-8"?>
<testsuite xmlns:xsi="http://www.w3.org/2001/XMLSchema-instance" xsi:noNamespaceSchemaLocation="https://maven.apache.org/surefire/maven-surefire-plugin/xsd/surefire-test-report.xsd" name="com.tensquare.test.ProductTest" time="66.149" tests="3" errors="3" skipped="0" failures="0">
  <properties>
[...]
</properties>
  <testcase name="sendMsg1" classname="com.tensquare.test.ProductTest" time="11.912">
    <error message="java.net.ConnectException: Connection refused: connect" type="org.springframework.amqp.AmqpConnectException">org.springframework.amqp.AmqpConnectException: java.net.ConnectException: Connection refused: connect
	at com.tensquare.test.ProductTest.sendMsg1(ProductTest.java:20)
Caused by: java.net.ConnectException: Connection refused: connect
	at com.tensquare.test.ProductTest.sendMsg1(ProductTest.java:20)
</error>
    <system-out><![CDATA[14:57:43.004 [main] DEBUG org.springframework.test.context.junit4.SpringJUnit4ClassRunner - SpringJUnit4ClassRunner constructor called with [class com.tensquare.test.ProductTest]
14:57:43.017 [main] DEBUG org.springframework.test.context.BootstrapUtils - Instantiating CacheAwareContextLoaderDelegate from class [org.springframework.test.context.cache.DefaultCacheAwareContextLoaderDelegate]
14:57:43.045 [main] DEBUG org.springframework.test.context.BootstrapUtils - Instantiating BootstrapContext using constructor [public org.springframework.test.context.support.DefaultBootstrapContext(java.lang.Class,org.springframework.test.context.CacheAwareContextLoaderDelegate)]
14:57:43.073 [main] DEBUG org.springframework.test.context.BootstrapUtils - Instantiating TestContextBootstrapper for test class [com.tensquare.test.ProductTest] from class [org.springframework.boot.test.context.SpringBootTestContextBootstrapper]
14:57:43.116 [main] INFO org.springframework.boot.test.context.SpringBootTestContextBootstrapper - Neither @ContextConfiguration nor @ContextHierarchy found for test class [com.tensquare.test.ProductTest], using SpringBootContextLoader
14:57:43.123 [main] DEBUG org.springframework.test.context.support.AbstractContextLoader - Did not detect default resource location for test class [com.tensquare.test.ProductTest]: class path resource [com/tensquare/test/ProductTest-context.xml] does not exist
14:57:43.125 [main] DEBUG org.springframework.test.context.support.AbstractContextLoader - Did not detect default resource location for test class [com.tensquare.test.ProductTest]: class path resource [com/tensquare/test/ProductTestContext.groovy] does not exist
14:57:43.126 [main] INFO org.springframework.test.context.support.AbstractContextLoader - Could not detect default resource locations for test class [com.tensquare.test.ProductTest]: no resource found for suffixes {-context.xml, Context.groovy}.
14:57:43.257 [main] DEBUG org.springframework.test.context.support.ActiveProfilesUtils - Could not find an 'annotation declaring class' for annotation type [org.springframework.test.context.ActiveProfiles] and class [com.tensquare.test.ProductTest]
14:57:43.527 [main] DEBUG org.springframework.boot.test.context.SpringBootTestContextBootstrapper - @TestExecutionListeners is not present for class [com.tensquare.test.ProductTest]: using defaults.
14:57:43.528 [main] INFO org.springframework.boot.test.context.SpringBootTestContextBootstrapper - Loaded default TestExecutionListener class names from location [META-INF/spring.factories]: [org.springframework.boot.test.mock.mockito.MockitoTestExecutionListener, org.springframework.boot.test.mock.mockito.ResetMocksTestExecutionListener, org.springframework.boot.test.autoconfigure.restdocs.RestDocsTestExecutionListener, org.springframework.boot.test.autoconfigure.web.client.MockRestServiceServerResetTestExecutionListener, org.springframework.boot.test.autoconfigure.web.servlet.MockMvcPrintOnlyOnFailureTestExecutionListener, org.springframework.boot.test.autoconfigure.web.servlet.WebDriverTestExecutionListener, org.springframework.test.context.web.ServletTestExecutionListener, org.springframework.test.context.support.DirtiesContextBeforeModesTestExecutionListener, org.springframework.test.context.support.DependencyInjectionTestExecutionListener, org.springframework.test.context.support.DirtiesContextTestExecutionListener, org.springframework.test.context.transaction.TransactionalTestExecutionListener, org.springframework.test.context.jdbc.SqlScriptsTestExecutionListener]
14:57:43.773 [main] INFO org.springframework.boot.test.context.SpringBootTestContextBootstrapper - Using TestExecutionListeners: [org.springframework.test.context.web.ServletTestExecutionListener@1eb5174b, org.springframework.test.context.support.DirtiesContextBeforeModesTestExecutionListener@67080771, org.springframework.boot.test.mock.mockito.MockitoTestExecutionListener@72cde7cc, org.springframework.boot.test.autoconfigure.SpringBootDependencyInjectionTestExecutionListener@5fd4f8f5, org.springframework.test.context.support.DirtiesContextTestExecutionListener@696da30b, org.springframework.test.context.transaction.TransactionalTestExecutionListener@4e7912d8, org.springframework.test.context.jdbc.SqlScriptsTestExecutionListener@53976f5c, org.springframework.boot.test.mock.mockito.ResetMocksTestExecutionListener@2bfc268b, org.springframework.boot.test.autoconfigure.restdocs.RestDocsTestExecutionListener@2f8dad04, org.springframework.boot.test.autoconfigure.web.client.MockRestServiceServerResetTestExecutionListener@29e495ff, org.springframework.boot.test.autoconfigure.web.servlet.MockMvcPrintOnlyOnFailureTestExecutionListener@41e1e210, org.springframework.boot.test.autoconfigure.web.servlet.WebDriverTestExecutionListener@be35cd9]
14:57:43.776 [main] DEBUG org.springframework.test.annotation.ProfileValueUtils - Retrieved @ProfileValueSourceConfiguration [null] for test class [com.tensquare.test.ProductTest]
14:57:43.777 [main] DEBUG org.springframework.test.annotation.ProfileValueUtils - Retrieved ProfileValueSource type [class org.springframework.test.annotation.SystemProfileValueSource] for class [com.tensquare.test.ProductTest]
14:57:43.779 [main] DEBUG org.springframework.test.annotation.ProfileValueUtils - Retrieved @ProfileValueSourceConfiguration [null] for test class [com.tensquare.test.ProductTest]
14:57:43.779 [main] DEBUG org.springframework.test.annotation.ProfileValueUtils - Retrieved ProfileValueSource type [class org.springframework.test.annotation.SystemProfileValueSource] for class [com.tensquare.test.ProductTest]
14:57:43.780 [main] DEBUG org.springframework.test.annotation.ProfileValueUtils - Retrieved @ProfileValueSourceConfiguration [null] for test class [com.tensquare.test.ProductTest]
14:57:43.781 [main] DEBUG org.springframework.test.annotation.ProfileValueUtils - Retrieved ProfileValueSource type [class org.springframework.test.annotation.SystemProfileValueSource] for class [com.tensquare.test.ProductTest]
14:57:43.788 [main] DEBUG org.springframework.test.context.support.AbstractDirtiesContextTestExecutionListener - Before test class: context [DefaultTestContext@550ee7e5 testClass = ProductTest, testInstance = [null], testMethod = [null], testException = [null], mergedContextConfiguration = [WebMergedContextConfiguration@5f9b2141 testClass = ProductTest, locations = '{}', classes = '{class com.itaobao.rabbit.RabbitApplication, class com.itaobao.rabbit.RabbitApplication}', contextInitializerClasses = '[]', activeProfiles = '{}', propertySourceLocations = '{}', propertySourceProperties = '{org.springframework.boot.test.context.SpringBootTestContextBootstrapper=true}', contextCustomizers = set[org.springframework.boot.test.context.filter.ExcludeFilterContextCustomizer@4516af24, org.springframework.boot.test.json.DuplicateJsonObjectContextCustomizerFactory$DuplicateJsonObjectContextCustomizer@6d3af739, org.springframework.boot.test.mock.mockito.MockitoContextCustomizer@0, org.springframework.boot.test.web.client.TestRestTemplateContextCustomizer@69379752, org.springframework.boot.test.web.reactive.server.WebTestClientContextCustomizer@5e57643e, org.springframework.boot.test.autoconfigure.properties.PropertyMappingContextCustomizer@0, org.springframework.boot.test.autoconfigure.web.servlet.WebDriverContextCustomizerFactory$Customizer@70a9f84e], resourceBasePath = 'src/main/webapp', contextLoader = 'org.springframework.boot.test.context.SpringBootContextLoader', parent = [null]], attributes = map['org.springframework.test.context.web.ServletTestExecutionListener.activateListener' -> true]], class annotated with @DirtiesContext [false] with mode [null].
14:57:43.789 [main] DEBUG org.springframework.test.annotation.ProfileValueUtils - Retrieved @ProfileValueSourceConfiguration [null] for test class [com.tensquare.test.ProductTest]
14:57:43.789 [main] DEBUG org.springframework.test.annotation.ProfileValueUtils - Retrieved ProfileValueSource type [class org.springframework.test.annotation.SystemProfileValueSource] for class [com.tensquare.test.ProductTest]
14:57:43.834 [main] DEBUG org.springframework.core.env.StandardEnvironment - Adding PropertySource 'systemProperties' with lowest search precedence
14:57:43.834 [main] DEBUG org.springframework.core.env.StandardEnvironment - Adding PropertySource 'systemEnvironment' with lowest search precedence
14:57:43.835 [main] DEBUG org.springframework.core.env.StandardEnvironment - Initialized StandardEnvironment with PropertySources [MapPropertySource@1194893830 {name='systemProperties', properties={java.runtime.name=Java(TM) SE Runtime Environment, sun.boot.library.path=E:\JAVA\jdk-8\jre\bin, java.vm.version=25.191-b12, java.vm.vendor=Oracle Corporation, java.vendor.url=http://java.oracle.com/, path.separator=;, java.vm.name=Java HotSpot(TM) 64-Bit Server VM, file.encoding.pkg=sun.io, user.country=CN, user.script=, sun.java.launcher=SUN_STANDARD, sun.os.patch.level=, java.vm.specification.name=Java Virtual Machine Specification, user.dir=D:\Wp\wpIdea\PROJECT\itaobao_boot_cloud\itaobao_rabbitmqtest, java.runtime.version=1.8.0_191-b12, basedir=D:\Wp\wpIdea\PROJECT\itaobao_boot_cloud\itaobao_rabbitmqtest, java.awt.graphicsenv=sun.awt.Win32GraphicsEnvironment, java.endorsed.dirs=E:\JAVA\jdk-8\jre\lib\endorsed, os.arch=amd64, surefire.real.class.path=C:\Users\ANGLE0\AppData\Local\Temp\surefire6418803453338667437\surefirebooter8429971501525566185.jar, java.io.tmpdir=C:\Users\ANGLE0\AppData\Local\Temp\, line.separator=
, java.vm.specification.vendor=Oracle Corporation, user.variant=, os.name=Windows 10, sun.jnu.encoding=GBK, java.library.path=E:\JAVA\jdk-8\jre\bin;C:\WINDOWS\Sun\Java\bin;C:\WINDOWS\system32;C:\WINDOWS;E:\xftp\;E:\xShell\;C:\Program Files (x86)\Common Files\Oracle\Java\javapath;C:\WINDOWS\system32;C:\WINDOWS;C:\WINDOWS\System32\Wbem;C:\WINDOWS\System32\WindowsPowerShell\v1.0\;C:\Program Files\Intel\WiFi\bin\;C:\Program Files\Common Files\Intel\WirelessCommon\;C:\Program Files (x86)\NVIDIA Corporation\PhysX\Common;C:\WINDOWS\system32;C:\WINDOWS;C:\WINDOWS\System32\Wbem;C:\WINDOWS\System32\WindowsPowerShell\v1.0\;C:\WINDOWS\System32\OpenSSH\;C:\Program Files\Microsoft SQL Server\Client SDK\ODBC\130\Tools\Binn\;C:\Program Files (x86)\Microsoft SQL Server\140\Tools\Binn\;C:\Program Files\Microsoft SQL Server\140\Tools\Binn\;C:\Program Files\Microsoft SQL Server\140\DTS\Binn\;E:\LINGO64_15\;C:\Program Files (x86)\Microsoft SQL Server\140\DTS\Binn\;E:\Mathlab\runtime\win64;E:\Mathlab\bin;E:\Mathlab\polyspace\bin;C:\Program Files (x86)\Microsoft SQL Server\Client SDK\ODBC\130\Tools\Binn\;C:\Program Files (x86)\Microsoft SQL Server\140\Tools\Binn\ManagementStudio\;C:\Program Files\MySQL\MySQL Utilities 1.6\;E:\VS\Microsoft VS Code\bin;E:\software\svn\bin;D:\Sw\apache-maven-3.6.2\bin;D:\Sw\Nodejs;D:\Sw\Nodejs\node_global;D:\Sw\Nodejs\;D:\Sw\MongoDB\bin;E:\android_SDK;E:\android_SDK\tools;E:\android_SDK\platform-tools;D:\Sw\tomcat\bin;E:\apache-jmeter-5.2.1\bin;D:\Sw\nginx-1.8.0;D:\Sw\Git\Git\cmd;D:\Sw\Editor01\010 Editor;D:\Sw\SVN\bin;C:\Program Files (x86)\Common Files\Oracle\Java\javapath;C:\WINDOWS\system32;C:\WINDOWS;C:\WINDOWS\System32\Wbem;C:\WINDOWS\System32\WindowsPowerShell\v1.0\;C:\Program Files\Intel\WiFi\bin\;C:\Program Files\Common Files\Intel\WirelessCommon\;C:\Program Files (x86)\NVIDIA Corporation\PhysX\Common;C:\WINDOWS\system32;C:\WINDOWS;C:\WINDOWS\System32\Wbem;C:\WINDOWS\System32\WindowsPowerShell\v1.0\;C:\WINDOWS\System32\OpenSSH\;E:\JAVA\jdk-8\bin;"E:\MinGW\bin;";"D:\Sw\tomcat\bin;D:\Sw\tomcat\lib;C:\Users\ANGLE0\AppData\Local\Microsoft\WindowsApps";C:\Program Files\MySQL\MySQL Server 5.7\bin;C:\Users\ANGLE0\AppData\Roaming\npm;., surefire.test.class.path=D:\Wp\wpIdea\PROJECT\itaobao_boot_cloud\itaobao_rabbitmqtest\target\test-classes;D:\Wp\wpIdea\PROJECT\itaobao_boot_cloud\itaobao_rabbitmqtest\target\classes;D:\apache_Maven_respontity\org\springframework\boot\spring-boot-starter-amqp\2.0.1.RELEASE\spring-boot-starter-amqp-2.0.1.RELEASE.jar;D:\apache_Maven_respontity\org\springframework\boot\spring-boot-starter\2.0.1.RELEASE\spring-boot-starter-2.0.1.RELEASE.jar;D:\apache_Maven_respontity\org\springframework\boot\spring-boot\2.0.1.RELEASE\spring-boot-2.0.1.RELEASE.jar;D:\apache_Maven_respontity\org\springframework\boot\spring-boot-autoconfigure\2.0.1.RELEASE\spring-boot-autoconfigure-2.0.1.RELEASE.jar;D:\apache_Maven_respontity\org\springframework\boot\spring-boot-starter-logging\2.0.1.RELEASE\spring-boot-starter-logging-2.0.1.RELEASE.jar;D:\apache_Maven_respontity\ch\qos\logback\logback-classic\1.2.3\logback-classic-1.2.3.jar;D:\apache_Maven_respontity\ch\qos\logback\logback-core\1.2.3\logback-core-1.2.3.jar;D:\apache_Maven_respontity\org\apache\logging\log4j\log4j-to-slf4j\2.10.0\log4j-to-slf4j-2.10.0.jar;D:\apache_Maven_respontity\org\apache\logging\log4j\log4j-api\2.10.0\log4j-api-2.10.0.jar;D:\apache_Maven_respontity\org\slf4j\jul-to-slf4j\1.7.25\jul-to-slf4j-1.7.25.jar;D:\apache_Maven_respontity\javax\annotation\javax.annotation-api\1.3.2\javax.annotation-api-1.3.2.jar;D:\apache_Maven_respontity\org\yaml\snakeyaml\1.19\snakeyaml-1.19.jar;D:\apache_Maven_respontity\org\springframework\spring-messaging\5.0.5.RELEASE\spring-messaging-5.0.5.RELEASE.jar;D:\apache_Maven_respontity\org\springframework\spring-beans\5.0.5.RELEASE\spring-beans-5.0.5.RELEASE.jar;D:\apache_Maven_respontity\org\springframework\amqp\spring-rabbit\2.0.3.RELEASE\spring-rabbit-2.0.3.RELEASE.jar;D:\apache_Maven_respontity\org\springframework\amqp\spring-amqp\2.0.3.RELEASE\spring-amqp-2.0.3.RELEASE.jar;D:\apache_Maven_respontity\com\rabbitmq\amqp-client\5.1.2\amqp-client-5.1.2.jar;D:\apache_Maven_respontity\com\rabbitmq\http-client\2.0.1.RELEASE\http-client-2.0.1.RELEASE.jar;D:\apache_Maven_respontity\org\springframework\spring-webflux\5.0.5.RELEASE\spring-webflux-5.0.5.RELEASE.jar;D:\apache_Maven_respontity\io\projectreactor\reactor-core\3.1.6.RELEASE\reactor-core-3.1.6.RELEASE.jar;D:\apache_Maven_respontity\org\reactivestreams\reactive-streams\1.0.2\reactive-streams-1.0.2.jar;D:\apache_Maven_respontity\org\apache\httpcomponents\httpclient\4.5.5\httpclient-4.5.5.jar;D:\apache_Maven_respontity\org\apache\httpcomponents\httpcore\4.4.9\httpcore-4.4.9.jar;D:\apache_Maven_respontity\commons-codec\commons-codec\1.11\commons-codec-1.11.jar;D:\apache_Maven_respontity\io\projectreactor\ipc\reactor-netty\0.7.6.RELEASE\reactor-netty-0.7.6.RELEASE.jar;D:\apache_Maven_respontity\io\netty\netty-codec-http\4.1.23.Final\netty-codec-http-4.1.23.Final.jar;D:\apache_Maven_respontity\io\netty\netty-codec\4.1.23.Final\netty-codec-4.1.23.Final.jar;D:\apache_Maven_respontity\io\netty\netty-handler\4.1.23.Final\netty-handler-4.1.23.Final.jar;D:\apache_Maven_respontity\io\netty\netty-buffer\4.1.23.Final\netty-buffer-4.1.23.Final.jar;D:\apache_Maven_respontity\io\netty\netty-transport\4.1.23.Final\netty-transport-4.1.23.Final.jar;D:\apache_Maven_respontity\io\netty\netty-resolver\4.1.23.Final\netty-resolver-4.1.23.Final.jar;D:\apache_Maven_respontity\io\netty\netty-handler-proxy\4.1.23.Final\netty-handler-proxy-4.1.23.Final.jar;D:\apache_Maven_respontity\io\netty\netty-codec-socks\4.1.23.Final\netty-codec-socks-4.1.23.Final.jar;D:\apache_Maven_respontity\io\netty\netty-transport-native-epoll\4.1.23.Final\netty-transport-native-epoll-4.1.23.Final.jar;D:\apache_Maven_respontity\io\netty\netty-common\4.1.23.Final\netty-common-4.1.23.Final.jar;D:\apache_Maven_respontity\io\netty\netty-transport-native-unix-common\4.1.23.Final\netty-transport-native-unix-common-4.1.23.Final.jar;D:\apache_Maven_respontity\org\springframework\spring-context\5.0.5.RELEASE\spring-context-5.0.5.RELEASE.jar;D:\apache_Maven_respontity\org\springframework\spring-tx\5.0.5.RELEASE\spring-tx-5.0.5.RELEASE.jar;D:\apache_Maven_respontity\org\springframework\retry\spring-retry\1.2.2.RELEASE\spring-retry-1.2.2.RELEASE.jar;D:\apache_Maven_respontity\org\springframework\boot\spring-boot-starter-web\2.0.1.RELEASE\spring-boot-starter-web-2.0.1.RELEASE.jar;D:\apache_Maven_respontity\org\springframework\boot\spring-boot-starter-json\2.0.1.RELEASE\spring-boot-starter-json-2.0.1.RELEASE.jar;D:\apache_Maven_respontity\com\fasterxml\jackson\core\jackson-databind\2.9.3\jackson-databind-2.9.3.jar;D:\apache_Maven_respontity\com\fasterxml\jackson\core\jackson-annotations\2.9.0\jackson-annotations-2.9.0.jar;D:\apache_Maven_respontity\com\fasterxml\jackson\core\jackson-core\2.9.3\jackson-core-2.9.3.jar;D:\apache_Maven_respontity\com\fasterxml\jackson\datatype\jackson-datatype-jdk8\2.9.3\jackson-datatype-jdk8-2.9.3.jar;D:\apache_Maven_respontity\com\fasterxml\jackson\datatype\jackson-datatype-jsr310\2.9.3\jackson-datatype-jsr310-2.9.3.jar;D:\apache_Maven_respontity\com\fasterxml\jackson\module\jackson-module-parameter-names\2.9.3\jackson-module-parameter-names-2.9.3.jar;D:\apache_Maven_respontity\org\springframework\boot\spring-boot-starter-tomcat\2.0.1.RELEASE\spring-boot-starter-tomcat-2.0.1.RELEASE.jar;D:\apache_Maven_respontity\org\apache\tomcat\embed\tomcat-embed-core\8.5.29\tomcat-embed-core-8.5.29.jar;D:\apache_Maven_respontity\org\apache\tomcat\embed\tomcat-embed-el\8.5.29\tomcat-embed-el-8.5.29.jar;D:\apache_Maven_respontity\org\apache\tomcat\embed\tomcat-embed-websocket\8.5.29\tomcat-embed-websocket-8.5.29.jar;D:\apache_Maven_respontity\org\hibernate\validator\hibernate-validator\6.0.9.Final\hibernate-validator-6.0.9.Final.jar;D:\apache_Maven_respontity\javax\validation\validation-api\2.0.1.Final\validation-api-2.0.1.Final.jar;D:\apache_Maven_respontity\org\jboss\logging\jboss-logging\3.3.2.Final\jboss-logging-3.3.2.Final.jar;D:\apache_Maven_respontity\com\fasterxml\classmate\1.3.4\classmate-1.3.4.jar;D:\apache_Maven_respontity\org\springframework\spring-web\5.0.5.RELEASE\spring-web-5.0.5.RELEASE.jar;D:\apache_Maven_respontity\org\springframework\spring-webmvc\5.0.5.RELEASE\spring-webmvc-5.0.5.RELEASE.jar;D:\apache_Maven_respontity\org\springframework\spring-aop\5.0.5.RELEASE\spring-aop-5.0.5.RELEASE.jar;D:\apache_Maven_respontity\org\springframework\spring-expression\5.0.5.RELEASE\spring-expression-5.0.5.RELEASE.jar;D:\apache_Maven_respontity\org\springframework\boot\spring-boot-starter-test\2.0.1.RELEASE\spring-boot-starter-test-2.0.1.RELEASE.jar;D:\apache_Maven_respontity\org\springframework\boot\spring-boot-test\2.0.1.RELEASE\spring-boot-test-2.0.1.RELEASE.jar;D:\apache_Maven_respontity\org\springframework\boot\spring-boot-test-autoconfigure\2.0.1.RELEASE\spring-boot-test-autoconfigure-2.0.1.RELEASE.jar;D:\apache_Maven_respontity\com\jayway\jsonpath\json-path\2.4.0\json-path-2.4.0.jar;D:\apache_Maven_respontity\net\minidev\json-smart\2.3\json-smart-2.3.jar;D:\apache_Maven_respontity\net\minidev\accessors-smart\1.2\accessors-smart-1.2.jar;D:\apache_Maven_respontity\org\ow2\asm\asm\5.0.4\asm-5.0.4.jar;D:\apache_Maven_respontity\org\slf4j\slf4j-api\1.7.25\slf4j-api-1.7.25.jar;D:\apache_Maven_respontity\junit\junit\4.12\junit-4.12.jar;D:\apache_Maven_respontity\org\assertj\assertj-core\3.9.1\assertj-core-3.9.1.jar;D:\apache_Maven_respontity\org\mockito\mockito-core\2.15.0\mockito-core-2.15.0.jar;D:\apache_Maven_respontity\net\bytebuddy\byte-buddy\1.7.11\byte-buddy-1.7.11.jar;D:\apache_Maven_respontity\net\bytebuddy\byte-buddy-agent\1.7.11\byte-buddy-agent-1.7.11.jar;D:\apache_Maven_respontity\org\objenesis\objenesis\2.6\objenesis-2.6.jar;D:\apache_Maven_respontity\org\hamcrest\hamcrest-core\1.3\hamcrest-core-1.3.jar;D:\apache_Maven_respontity\org\hamcrest\hamcrest-library\1.3\hamcrest-library-1.3.jar;D:\apache_Maven_respontity\org\skyscreamer\jsonassert\1.5.0\jsonassert-1.5.0.jar;D:\apache_Maven_respontity\com\vaadin\external\google\android-json\0.0.20131108.vaadin1\android-json-0.0.20131108.vaadin1.jar;D:\apache_Maven_respontity\org\springframework\spring-core\5.0.5.RELEASE\spring-core-5.0.5.RELEASE.jar;D:\apache_Maven_respontity\org\springframework\spring-jcl\5.0.5.RELEASE\spring-jcl-5.0.5.RELEASE.jar;D:\apache_Maven_respontity\org\springframework\spring-test\5.0.5.RELEASE\spring-test-5.0.5.RELEASE.jar;D:\apache_Maven_respontity\org\xmlunit\xmlunit-core\2.5.1\xmlunit-core-2.5.1.jar;, java.specification.name=Java Platform API Specification, java.class.version=52.0, sun.management.compiler=HotSpot 64-Bit Tiered Compilers, maven.repo.local=D:\apache_Maven_respontity, os.version=10.0, idea.version2019.3.1=true, user.home=C:\Users\ANGLE0, user.timezone=Asia/Shanghai, java.awt.printerjob=sun.awt.windows.WPrinterJob, file.encoding=GBK, java.specification.version=1.8, java.class.path=D:\Wp\wpIdea\PROJECT\itaobao_boot_cloud\itaobao_rabbitmqtest\target\test-classes;D:\Wp\wpIdea\PROJECT\itaobao_boot_cloud\itaobao_rabbitmqtest\target\classes;D:\apache_Maven_respontity\org\springframework\boot\spring-boot-starter-amqp\2.0.1.RELEASE\spring-boot-starter-amqp-2.0.1.RELEASE.jar;D:\apache_Maven_respontity\org\springframework\boot\spring-boot-starter\2.0.1.RELEASE\spring-boot-starter-2.0.1.RELEASE.jar;D:\apache_Maven_respontity\org\springframework\boot\spring-boot\2.0.1.RELEASE\spring-boot-2.0.1.RELEASE.jar;D:\apache_Maven_respontity\org\springframework\boot\spring-boot-autoconfigure\2.0.1.RELEASE\spring-boot-autoconfigure-2.0.1.RELEASE.jar;D:\apache_Maven_respontity\org\springframework\boot\spring-boot-starter-logging\2.0.1.RELEASE\spring-boot-starter-logging-2.0.1.RELEASE.jar;D:\apache_Maven_respontity\ch\qos\logback\logback-classic\1.2.3\logback-classic-1.2.3.jar;D:\apache_Maven_respontity\ch\qos\logback\logback-core\1.2.3\logback-core-1.2.3.jar;D:\apache_Maven_respontity\org\apache\logging\log4j\log4j-to-slf4j\2.10.0\log4j-to-slf4j-2.10.0.jar;D:\apache_Maven_respontity\org\apache\logging\log4j\log4j-api\2.10.0\log4j-api-2.10.0.jar;D:\apache_Maven_respontity\org\slf4j\jul-to-slf4j\1.7.25\jul-to-slf4j-1.7.25.jar;D:\apache_Maven_respontity\javax\annotation\javax.annotation-api\1.3.2\javax.annotation-api-1.3.2.jar;D:\apache_Maven_respontity\org\yaml\snakeyaml\1.19\snakeyaml-1.19.jar;D:\apache_Maven_respontity\org\springframework\spring-messaging\5.0.5.RELEASE\spring-messaging-5.0.5.RELEASE.jar;D:\apache_Maven_respontity\org\springframework\spring-beans\5.0.5.RELEASE\spring-beans-5.0.5.RELEASE.jar;D:\apache_Maven_respontity\org\springframework\amqp\spring-rabbit\2.0.3.RELEASE\spring-rabbit-2.0.3.RELEASE.jar;D:\apache_Maven_respontity\org\springframework\amqp\spring-amqp\2.0.3.RELEASE\spring-amqp-2.0.3.RELEASE.jar;D:\apache_Maven_respontity\com\rabbitmq\amqp-client\5.1.2\amqp-client-5.1.2.jar;D:\apache_Maven_respontity\com\rabbitmq\http-client\2.0.1.RELEASE\http-client-2.0.1.RELEASE.jar;D:\apache_Maven_respontity\org\springframework\spring-webflux\5.0.5.RELEASE\spring-webflux-5.0.5.RELEASE.jar;D:\apache_Maven_respontity\io\projectreactor\reactor-core\3.1.6.RELEASE\reactor-core-3.1.6.RELEASE.jar;D:\apache_Maven_respontity\org\reactivestreams\reactive-streams\1.0.2\reactive-streams-1.0.2.jar;D:\apache_Maven_respontity\org\apache\httpcomponents\httpclient\4.5.5\httpclient-4.5.5.jar;D:\apache_Maven_respontity\org\apache\httpcomponents\httpcore\4.4.9\httpcore-4.4.9.jar;D:\apache_Maven_respontity\commons-codec\commons-codec\1.11\commons-codec-1.11.jar;D:\apache_Maven_respontity\io\projectreactor\ipc\reactor-netty\0.7.6.RELEASE\reactor-netty-0.7.6.RELEASE.jar;D:\apache_Maven_respontity\io\netty\netty-codec-http\4.1.23.Final\netty-codec-http-4.1.23.Final.jar;D:\apache_Maven_respontity\io\netty\netty-codec\4.1.23.Final\netty-codec-4.1.23.Final.jar;D:\apache_Maven_respontity\io\netty\netty-handler\4.1.23.Final\netty-handler-4.1.23.Final.jar;D:\apache_Maven_respontity\io\netty\netty-buffer\4.1.23.Final\netty-buffer-4.1.23.Final.jar;D:\apache_Maven_respontity\io\netty\netty-transport\4.1.23.Final\netty-transport-4.1.23.Final.jar;D:\apache_Maven_respontity\io\netty\netty-resolver\4.1.23.Final\netty-resolver-4.1.23.Final.jar;D:\apache_Maven_respontity\io\netty\netty-handler-proxy\4.1.23.Final\netty-handler-proxy-4.1.23.Final.jar;D:\apache_Maven_respontity\io\netty\netty-codec-socks\4.1.23.Final\netty-codec-socks-4.1.23.Final.jar;D:\apache_Maven_respontity\io\netty\netty-transport-native-epoll\4.1.23.Final\netty-transport-native-epoll-4.1.23.Final.jar;D:\apache_Maven_respontity\io\netty\netty-common\4.1.23.Final\netty-common-4.1.23.Final.jar;D:\apache_Maven_respontity\io\netty\netty-transport-native-unix-common\4.1.23.Final\netty-transport-native-unix-common-4.1.23.Final.jar;D:\apache_Maven_respontity\org\springframework\spring-context\5.0.5.RELEASE\spring-context-5.0.5.RELEASE.jar;D:\apache_Maven_respontity\org\springframework\spring-tx\5.0.5.RELEASE\spring-tx-5.0.5.RELEASE.jar;D:\apache_Maven_respontity\org\springframework\retry\spring-retry\1.2.2.RELEASE\spring-retry-1.2.2.RELEASE.jar;D:\apache_Maven_respontity\org\springframework\boot\spring-boot-starter-web\2.0.1.RELEASE\spring-boot-starter-web-2.0.1.RELEASE.jar;D:\apache_Maven_respontity\org\springframework\boot\spring-boot-starter-json\2.0.1.RELEASE\spring-boot-starter-json-2.0.1.RELEASE.jar;D:\apache_Maven_respontity\com\fasterxml\jackson\core\jackson-databind\2.9.3\jackson-databind-2.9.3.jar;D:\apache_Maven_respontity\com\fasterxml\jackson\core\jackson-annotations\2.9.0\jackson-annotations-2.9.0.jar;D:\apache_Maven_respontity\com\fasterxml\jackson\core\jackson-core\2.9.3\jackson-core-2.9.3.jar;D:\apache_Maven_respontity\com\fasterxml\jackson\datatype\jackson-datatype-jdk8\2.9.3\jackson-datatype-jdk8-2.9.3.jar;D:\apache_Maven_respontity\com\fasterxml\jackson\datatype\jackson-datatype-jsr310\2.9.3\jackson-datatype-jsr310-2.9.3.jar;D:\apache_Maven_respontity\com\fasterxml\jackson\module\jackson-module-parameter-names\2.9.3\jackson-module-parameter-names-2.9.3.jar;D:\apache_Maven_respontity\org\springframework\boot\spring-boot-starter-tomcat\2.0.1.RELEASE\spring-boot-starter-tomcat-2.0.1.RELEASE.jar;D:\apache_Maven_respontity\org\apache\tomcat\embed\tomcat-embed-core\8.5.29\tomcat-embed-core-8.5.29.jar;D:\apache_Maven_respontity\org\apache\tomcat\embed\tomcat-embed-el\8.5.29\tomcat-embed-el-8.5.29.jar;D:\apache_Maven_respontity\org\apache\tomcat\embed\tomcat-embed-websocket\8.5.29\tomcat-embed-websocket-8.5.29.jar;D:\apache_Maven_respontity\org\hibernate\validator\hibernate-validator\6.0.9.Final\hibernate-validator-6.0.9.Final.jar;D:\apache_Maven_respontity\javax\validation\validation-api\2.0.1.Final\validation-api-2.0.1.Final.jar;D:\apache_Maven_respontity\org\jboss\logging\jboss-logging\3.3.2.Final\jboss-logging-3.3.2.Final.jar;D:\apache_Maven_respontity\com\fasterxml\classmate\1.3.4\classmate-1.3.4.jar;D:\apache_Maven_respontity\org\springframework\spring-web\5.0.5.RELEASE\spring-web-5.0.5.RELEASE.jar;D:\apache_Maven_respontity\org\springframework\spring-webmvc\5.0.5.RELEASE\spring-webmvc-5.0.5.RELEASE.jar;D:\apache_Maven_respontity\org\springframework\spring-aop\5.0.5.RELEASE\spring-aop-5.0.5.RELEASE.jar;D:\apache_Maven_respontity\org\springframework\spring-expression\5.0.5.RELEASE\spring-expression-5.0.5.RELEASE.jar;D:\apache_Maven_respontity\org\springframework\boot\spring-boot-starter-test\2.0.1.RELEASE\spring-boot-starter-test-2.0.1.RELEASE.jar;D:\apache_Maven_respontity\org\springframework\boot\spring-boot-test\2.0.1.RELEASE\spring-boot-test-2.0.1.RELEASE.jar;D:\apache_Maven_respontity\org\springframework\boot\spring-boot-test-autoconfigure\2.0.1.RELEASE\spring-boot-test-autoconfigure-2.0.1.RELEASE.jar;D:\apache_Maven_respontity\com\jayway\jsonpath\json-path\2.4.0\json-path-2.4.0.jar;D:\apache_Maven_respontity\net\minidev\json-smart\2.3\json-smart-2.3.jar;D:\apache_Maven_respontity\net\minidev\accessors-smart\1.2\accessors-smart-1.2.jar;D:\apache_Maven_respontity\org\ow2\asm\asm\5.0.4\asm-5.0.4.jar;D:\apache_Maven_respontity\org\slf4j\slf4j-api\1.7.25\slf4j-api-1.7.25.jar;D:\apache_Maven_respontity\junit\junit\4.12\junit-4.12.jar;D:\apache_Maven_respontity\org\assertj\assertj-core\3.9.1\assertj-core-3.9.1.jar;D:\apache_Maven_respontity\org\mockito\mockito-core\2.15.0\mockito-core-2.15.0.jar;D:\apache_Maven_respontity\net\bytebuddy\byte-buddy\1.7.11\byte-buddy-1.7.11.jar;D:\apache_Maven_respontity\net\bytebuddy\byte-buddy-agent\1.7.11\byte-buddy-agent-1.7.11.jar;D:\apache_Maven_respontity\org\objenesis\objenesis\2.6\objenesis-2.6.jar;D:\apache_Maven_respontity\org\hamcrest\hamcrest-core\1.3\hamcrest-core-1.3.jar;D:\apache_Maven_respontity\org\hamcrest\hamcrest-library\1.3\hamcrest-library-1.3.jar;D:\apache_Maven_respontity\org\skyscreamer\jsonassert\1.5.0\jsonassert-1.5.0.jar;D:\apache_Maven_respontity\com\vaadin\external\google\android-json\0.0.20131108.vaadin1\android-json-0.0.20131108.vaadin1.jar;D:\apache_Maven_respontity\org\springframework\spring-core\5.0.5.RELEASE\spring-core-5.0.5.RELEASE.jar;D:\apache_Maven_respontity\org\springframework\spring-jcl\5.0.5.RELEASE\spring-jcl-5.0.5.RELEASE.jar;D:\apache_Maven_respontity\org\springframework\spring-test\5.0.5.RELEASE\spring-test-5.0.5.RELEASE.jar;D:\apache_Maven_respontity\org\xmlunit\xmlunit-core\2.5.1\xmlunit-core-2.5.1.jar;, user.name=ANGLE0, java.vm.specification.version=1.8, sun.java.command=C:\Users\ANGLE0\AppData\Local\Temp\surefire6418803453338667437\surefirebooter8429971501525566185.jar C:\Users\ANGLE0\AppData\Local\Temp\surefire6418803453338667437 2020-05-28T14-56-10_898-jvmRun1 surefire4548111735635677961tmp surefire_07059003673455985033tmp, java.home=E:\JAVA\jdk-8\jre, sun.arch.data.model=64, user.language=zh, java.specification.vendor=Oracle Corporation, awt.toolkit=sun.awt.windows.WToolkit, java.vm.info=mixed mode, java.version=1.8.0_191, java.ext.dirs=E:\JAVA\jdk-8\jre\lib\ext;C:\WINDOWS\Sun\Java\lib\ext, sun.boot.class.path=E:\JAVA\jdk-8\jre\lib\resources.jar;E:\JAVA\jdk-8\jre\lib\rt.jar;E:\JAVA\jdk-8\jre\lib\sunrsasign.jar;E:\JAVA\jdk-8\jre\lib\jsse.jar;E:\JAVA\jdk-8\jre\lib\jce.jar;E:\JAVA\jdk-8\jre\lib\charsets.jar;E:\JAVA\jdk-8\jre\lib\jfr.jar;E:\JAVA\jdk-8\jre\classes, java.vendor=Oracle Corporation, localRepository=D:\apache_Maven_respontity, file.separator=\, java.vendor.url.bug=http://bugreport.sun.com/bugreport/, sun.io.unicode.encoding=UnicodeLittle, sun.cpu.endian=little, sun.desktop=windows, sun.cpu.isalist=amd64}}, SystemEnvironmentPropertySource@1725165248 {name='systemEnvironment', properties={PATH=E:\xftp\;E:\xShell\;C:\Program Files (x86)\Common Files\Oracle\Java\javapath;C:\WINDOWS\system32;C:\WINDOWS;C:\WINDOWS\System32\Wbem;C:\WINDOWS\System32\WindowsPowerShell\v1.0\;C:\Program Files\Intel\WiFi\bin\;C:\Program Files\Common Files\Intel\WirelessCommon\;C:\Program Files (x86)\NVIDIA Corporation\PhysX\Common;C:\WINDOWS\system32;C:\WINDOWS;C:\WINDOWS\System32\Wbem;C:\WINDOWS\System32\WindowsPowerShell\v1.0\;C:\WINDOWS\System32\OpenSSH\;C:\Program Files\Microsoft SQL Server\Client SDK\ODBC\130\Tools\Binn\;C:\Program Files (x86)\Microsoft SQL Server\140\Tools\Binn\;C:\Program Files\Microsoft SQL Server\140\Tools\Binn\;C:\Program Files\Microsoft SQL Server\140\DTS\Binn\;E:\LINGO64_15\;C:\Program Files (x86)\Microsoft SQL Server\140\DTS\Binn\;E:\Mathlab\runtime\win64;E:\Mathlab\bin;E:\Mathlab\polyspace\bin;C:\Program Files (x86)\Microsoft SQL Server\Client SDK\ODBC\130\Tools\Binn\;C:\Program Files (x86)\Microsoft SQL Server\140\Tools\Binn\ManagementStudio\;C:\Program Files\MySQL\MySQL Utilities 1.6\;E:\VS\Microsoft VS Code\bin;E:\software\svn\bin;D:\Sw\apache-maven-3.6.2\bin;D:\Sw\Nodejs;D:\Sw\Nodejs\node_global;D:\Sw\Nodejs\;D:\Sw\MongoDB\bin;E:\android_SDK;E:\android_SDK\tools;E:\android_SDK\platform-tools;D:\Sw\tomcat\bin;E:\apache-jmeter-5.2.1\bin;D:\Sw\nginx-1.8.0;D:\Sw\Git\Git\cmd;D:\Sw\Editor01\010 Editor;D:\Sw\SVN\bin;C:\Program Files (x86)\Common Files\Oracle\Java\javapath;C:\WINDOWS\system32;C:\WINDOWS;C:\WINDOWS\System32\Wbem;C:\WINDOWS\System32\WindowsPowerShell\v1.0\;C:\Program Files\Intel\WiFi\bin\;C:\Program Files\Common Files\Intel\WirelessCommon\;C:\Program Files (x86)\NVIDIA Corporation\PhysX\Common;C:\WINDOWS\system32;C:\WINDOWS;C:\WINDOWS\System32\Wbem;C:\WINDOWS\System32\WindowsPowerShell\v1.0\;C:\WINDOWS\System32\OpenSSH\;E:\JAVA\jdk-8\bin;"E:\MinGW\bin;";"D:\Sw\tomcat\bin;D:\Sw\tomcat\lib;C:\Users\ANGLE0\AppData\Local\Microsoft\WindowsApps";C:\Program Files\MySQL\MySQL Server 5.7\bin;C:\Users\ANGLE0\AppData\Roaming\npm, USERDOMAIN_ROAMINGPROFILE=DESKTOP-VINRM4R, PROCESSOR_LEVEL=6, SYSTEMDRIVE=C:, SESSIONNAME=Console, ALLUSERSPROFILE=C:\ProgramData, LINGO64_15_HOME=E:\LINGO64_15\, PROCESSOR_ARCHITECTURE=AMD64, ANDROID_HOME=E:\android_SDK, DRIVERDATA=C:\Windows\System32\Drivers\DriverData, MAVEN_HOME=D:\Sw\apache-maven-3.6.2, PROGRAMFILES=C:\Program Files, PSMODULEPATH=C:\Program Files\WindowsPowerShell\Modules;C:\WINDOWS\system32\WindowsPowerShell\v1.0\Modules;C:\Program Files (x86)\Microsoft SQL Server\140\Tools\PowerShell\Modules\, PROGRAMDATA=C:\ProgramData, USERNAME=ANGLE0, AWE_DIR=E:\MarkDown\1.6.6\, ONEDRIVE=C:\Users\ANGLE0\OneDrive, PATHEXT=.COM;.EXE;.BAT;.CMD;.VBS;.VBE;.JS;.JSE;.WSF;.WSH;.MSC, ONEDRIVECONSUMER=C:\Users\ANGLE0\OneDrive, ADSK_CLM_WPAD_PROXY_CHECK=FALSE, WINDIR=C:\WINDOWS, HOMEPATH=\Users\ANGLE0, MYSQL_HOME=C:\Program Files\MySQL\MySQL Server 5.7, PROCESSOR_IDENTIFIER=Intel64 Family 6 Model 158 Stepping 9, GenuineIntel, PUBLIC=C:\Users\Public, =::=::\, LOCALAPPDATA=C:\Users\ANGLE0\AppData\Local, COMMONPROGRAMFILES(X86)=C:\Program Files (x86)\Common Files, APR_ICONV_PATH=D:\Sw\SVN\iconv, USERDOMAIN=DESKTOP-VINRM4R, LOGONSERVER=\\DESKTOP-VINRM4R, JAVA_HOME=E:\JAVA\jdk-8, PROMPT=$P$G, PROGRAMFILES(X86)=C:\Program Files (x86), CATALINA_BASE=D:\Sw\tomcat, APPDATA=C:\Users\ANGLE0\AppData\Roaming, PROGRAMW6432=C:\Program Files, SYSTEMROOT=C:\WINDOWS, NODE_PATH=D:\Sw\Nodejs\node_global\node_modules, PROG27B48B2C053=1, OS=Windows_NT, COMMONPROGRAMW6432=C:\Program Files\Common Files, COMPUTERNAME=DESKTOP-VINRM4R, COMMONPROGRAMFILES=C:\Program Files\Common Files, COMSPEC=C:\WINDOWS\system32\cmd.exe, CATALINA_HOME=D:\Sw\tomcat, PROCESSOR_REVISION=9e09, =D:=D:\Wp\wpIdea\PROJECT\itaobao_boot_cloud\itaobao_rabbitmqtest, TEMP=C:\Users\ANGLE0\AppData\Local\Temp, HOMEDRIVE=C:, PT6HOME=E:\PT\Cisco Packet Tracer 6.2sv, USERPROFILE=C:\Users\ANGLE0, TMP=C:\Users\ANGLE0\AppData\Local\Temp, NUMBER_OF_PROCESSORS=4, IDEA_INITIAL_DIRECTORY=D:\Idea\IntelliJ IDEA 2019.2.3\bin}}]
14:57:43.839 [main] DEBUG org.springframework.test.context.support.TestPropertySourceUtils - Adding inlined properties to environment: {spring.jmx.enabled=false, org.springframework.boot.test.context.SpringBootTestContextBootstrapper=true, server.port=-1}
14:57:43.839 [main] DEBUG org.springframework.core.env.StandardEnvironment - Adding PropertySource 'Inlined Test Properties' with highest search precedence

  .   ____          _            __ _ _
 /\\ / ___'_ __ _ _(_)_ __  __ _ \ \ \ \
( ( )\___ | '_ | '_| | '_ \/ _` | \ \ \ \
 \\/  ___)| |_)| | | | | || (_| |  ) ) ) )
  '  |____| .__|_| |_|_| |_\__, | / / / /
 =========|_|==============|___/=/_/_/_/
 :: Spring Boot ::        (v2.0.1.RELEASE)

2020-05-28 14:57:44.648  INFO 12804 --- [           main] com.tensquare.test.ProductTest           : Starting ProductTest on DESKTOP-VINRM4R with PID 12804 (started by ANGLE0 in D:\Wp\wpIdea\PROJECT\itaobao_boot_cloud\itaobao_rabbitmqtest)
2020-05-28 14:57:44.649  INFO 12804 --- [           main] com.tensquare.test.ProductTest           : No active profile set, falling back to default profiles: default
2020-05-28 14:57:44.781  INFO 12804 --- [           main] o.s.w.c.s.GenericWebApplicationContext   : Refreshing org.springframework.web.context.support.GenericWebApplicationContext@503f91c3: startup date [Thu May 28 14:57:44 CST 2020]; root of context hierarchy
2020-05-28 14:57:47.515  INFO 12804 --- [           main] trationDelegate$BeanPostProcessorChecker : Bean 'org.springframework.amqp.rabbit.annotation.RabbitBootstrapConfiguration' of type [org.springframework.amqp.rabbit.annotation.RabbitBootstrapConfiguration$$EnhancerBySpringCGLIB$$172798fb] is not eligible for getting processed by all BeanPostProcessors (for example: not eligible for auto-proxying)
2020-05-28 14:57:48.667  INFO 12804 --- [           main] o.s.w.s.handler.SimpleUrlHandlerMapping  : Mapped URL path [/**/favicon.ico] onto handler of type [class org.springframework.web.servlet.resource.ResourceHttpRequestHandler]
2020-05-28 14:57:49.074  INFO 12804 --- [           main] s.w.s.m.m.a.RequestMappingHandlerAdapter : Looking for @ControllerAdvice: org.springframework.web.context.support.GenericWebApplicationContext@503f91c3: startup date [Thu May 28 14:57:44 CST 2020]; root of context hierarchy
2020-05-28 14:57:49.262  INFO 12804 --- [           main] s.w.s.m.m.a.RequestMappingHandlerMapping : Mapped "{[/error]}" onto public org.springframework.http.ResponseEntity<java.util.Map<java.lang.String, java.lang.Object>> org.springframework.boot.autoconfigure.web.servlet.error.BasicErrorController.error(javax.servlet.http.HttpServletRequest)
2020-05-28 14:57:49.265  INFO 12804 --- [           main] s.w.s.m.m.a.RequestMappingHandlerMapping : Mapped "{[/error],produces=[text/html]}" onto public org.springframework.web.servlet.ModelAndView org.springframework.boot.autoconfigure.web.servlet.error.BasicErrorController.errorHtml(javax.servlet.http.HttpServletRequest,javax.servlet.http.HttpServletResponse)
2020-05-28 14:57:49.424  INFO 12804 --- [           main] o.s.w.s.handler.SimpleUrlHandlerMapping  : Mapped URL path [/webjars/**] onto handler of type [class org.springframework.web.servlet.resource.ResourceHttpRequestHandler]
2020-05-28 14:57:49.425  INFO 12804 --- [           main] o.s.w.s.handler.SimpleUrlHandlerMapping  : Mapped URL path [/**] onto handler of type [class org.springframework.web.servlet.resource.ResourceHttpRequestHandler]
2020-05-28 14:57:51.896  INFO 12804 --- [           main] o.s.c.support.DefaultLifecycleProcessor  : Starting beans in phase 2147483647
2020-05-28 14:57:51.978  INFO 12804 --- [cTaskExecutor-1] o.s.a.r.c.CachingConnectionFactory       : Attempting to connect to: [localhost:5672]
2020-05-28 14:57:56.276  INFO 12804 --- [cTaskExecutor-1] o.s.a.r.c.CachingConnectionFactory       : Attempting to connect to: [localhost:5672]
2020-05-28 14:58:00.291  INFO 12804 --- [cTaskExecutor-1] o.s.a.r.c.CachingConnectionFactory       : Attempting to connect to: [localhost:5672]
2020-05-28 14:58:01.279  WARN 12804 --- [cTaskExecutor-1] o.s.a.r.l.SimpleMessageListenerContainer : Consumer raised exception, processing can restart if the connection factory supports it. Exception summary: org.springframework.amqp.AmqpConnectException: java.net.ConnectException: Connection refused: connect
2020-05-28 14:58:01.282  INFO 12804 --- [cTaskExecutor-1] o.s.a.r.l.SimpleMessageListenerContainer : Restarting Consumer@474fae39: tags=[{}], channel=null, acknowledgeMode=AUTO local queue size=0
2020-05-28 14:58:04.316  INFO 12804 --- [cTaskExecutor-2] o.s.a.r.c.CachingConnectionFactory       : Attempting to connect to: [localhost:5672]
2020-05-28 14:58:04.333  INFO 12804 --- [           main] com.tensquare.test.ProductTest           : Started ProductTest in 20.455 seconds (JVM running for 22.624)
2020-05-28 14:58:05.319  WARN 12804 --- [cTaskExecutor-1] o.s.a.r.l.SimpleMessageListenerContainer : Consumer raised exception, processing can restart if the connection factory supports it. Exception summary: org.springframework.amqp.AmqpConnectException: java.net.ConnectException: Connection refused: connect
2020-05-28 14:58:05.319  INFO 12804 --- [cTaskExecutor-1] o.s.a.r.l.SimpleMessageListenerContainer : Restarting Consumer@2f04105: tags=[{}], channel=null, acknowledgeMode=AUTO local queue size=0
2020-05-28 14:58:08.326  INFO 12804 --- [cTaskExecutor-2] o.s.a.r.c.CachingConnectionFactory       : Attempting to connect to: [localhost:5672]
2020-05-28 14:58:09.335  WARN 12804 --- [cTaskExecutor-1] o.s.a.r.l.SimpleMessageListenerContainer : Consumer raised exception, processing can restart if the connection factory supports it. Exception summary: org.springframework.amqp.AmqpConnectException: java.net.ConnectException: Connection refused: connect
2020-05-28 14:58:09.335  INFO 12804 --- [cTaskExecutor-1] o.s.a.r.l.SimpleMessageListenerContainer : Restarting Consumer@724c5cbe: tags=[{}], channel=null, acknowledgeMode=AUTO local queue size=0
2020-05-28 14:58:12.338  INFO 12804 --- [           main] o.s.a.r.c.CachingConnectionFactory       : Attempting to connect to: [localhost:5672]
2020-05-28 14:58:13.352  WARN 12804 --- [cTaskExecutor-2] o.s.a.r.l.SimpleMessageListenerContainer : Consumer raised exception, processing can restart if the connection factory supports it. Exception summary: org.springframework.amqp.AmqpConnectException: java.net.ConnectException: Connection refused: connect
2020-05-28 14:58:13.352  INFO 12804 --- [cTaskExecutor-2] o.s.a.r.l.SimpleMessageListenerContainer : Restarting Consumer@7c1666a3: tags=[{}], channel=null, acknowledgeMode=AUTO local queue size=0
2020-05-28 14:58:16.351  INFO 12804 --- [cTaskExecutor-3] o.s.a.r.c.CachingConnectionFactory       : Attempting to connect to: [localhost:5672]
]]></system-out>
  </testcase>
  <testcase name="sendMsg2" classname="com.tensquare.test.ProductTest" time="16.015">
    <error message="java.net.ConnectException: Connection refused: connect" type="org.springframework.amqp.AmqpConnectException">org.springframework.amqp.AmqpConnectException: java.net.ConnectException: Connection refused: connect
	at com.tensquare.test.ProductTest.sendMsg2(ProductTest.java:28)
Caused by: java.net.ConnectException: Connection refused: connect
	at com.tensquare.test.ProductTest.sendMsg2(ProductTest.java:28)
</error>
    <system-out><![CDATA[2020-05-28 14:58:17.360  WARN 12804 --- [cTaskExecutor-2] o.s.a.r.l.SimpleMessageListenerContainer : Consumer raised exception, processing can restart if the connection factory supports it. Exception summary: org.springframework.amqp.AmqpConnectException: java.net.ConnectException: Connection refused: connect
2020-05-28 14:58:17.360  INFO 12804 --- [cTaskExecutor-2] o.s.a.r.l.SimpleMessageListenerContainer : Restarting Consumer@2b36a447: tags=[{}], channel=null, acknowledgeMode=AUTO local queue size=0
2020-05-28 14:58:20.357  INFO 12804 --- [cTaskExecutor-2] o.s.a.r.c.CachingConnectionFactory       : Attempting to connect to: [localhost:5672]
2020-05-28 14:58:24.368  INFO 12804 --- [cTaskExecutor-3] o.s.a.r.c.CachingConnectionFactory       : Attempting to connect to: [localhost:5672]
2020-05-28 14:58:25.364  WARN 12804 --- [cTaskExecutor-3] o.s.a.r.l.SimpleMessageListenerContainer : Consumer raised exception, processing can restart if the connection factory supports it. Exception summary: org.springframework.amqp.AmqpConnectException: java.net.ConnectException: Connection refused: connect
2020-05-28 14:58:25.364  INFO 12804 --- [cTaskExecutor-3] o.s.a.r.l.SimpleMessageListenerContainer : Restarting Consumer@3c50da7c: tags=[{}], channel=null, acknowledgeMode=AUTO local queue size=0
2020-05-28 14:58:28.377  INFO 12804 --- [           main] o.s.a.r.c.CachingConnectionFactory       : Attempting to connect to: [localhost:5672]
2020-05-28 14:58:29.372  WARN 12804 --- [cTaskExecutor-2] o.s.a.r.l.SimpleMessageListenerContainer : Consumer raised exception, processing can restart if the connection factory supports it. Exception summary: org.springframework.amqp.AmqpConnectException: java.net.ConnectException: Connection refused: connect
2020-05-28 14:58:29.372  INFO 12804 --- [cTaskExecutor-2] o.s.a.r.l.SimpleMessageListenerContainer : Restarting Consumer@8a44cf7: tags=[{}], channel=null, acknowledgeMode=AUTO local queue size=0
2020-05-28 14:58:32.389  INFO 12804 --- [cTaskExecutor-3] o.s.a.r.c.CachingConnectionFactory       : Attempting to connect to: [localhost:5672]
]]></system-out>
  </testcase>
  <testcase name="sendMsg3" classname="com.tensquare.test.ProductTest" time="16.051">
    <error message="java.net.ConnectException: Connection refused: connect" type="org.springframework.amqp.AmqpConnectException">org.springframework.amqp.AmqpConnectException: java.net.ConnectException: Connection refused: connect
	at com.tensquare.test.ProductTest.sendMsg3(ProductTest.java:37)
Caused by: java.net.ConnectException: Connection refused: connect
	at com.tensquare.test.ProductTest.sendMsg3(ProductTest.java:37)
</error>
    <system-out><![CDATA[2020-05-28 14:58:33.381  WARN 12804 --- [cTaskExecutor-3] o.s.a.r.l.SimpleMessageListenerContainer : Consumer raised exception, processing can restart if the connection factory supports it. Exception summary: org.springframework.amqp.AmqpConnectException: java.net.ConnectException: Connection refused: connect
2020-05-28 14:58:33.383  INFO 12804 --- [cTaskExecutor-3] o.s.a.r.l.SimpleMessageListenerContainer : Restarting Consumer@2a429dd2: tags=[{}], channel=null, acknowledgeMode=AUTO local queue size=0
2020-05-28 14:58:36.401  INFO 12804 --- [cTaskExecutor-4] o.s.a.r.c.CachingConnectionFactory       : Attempting to connect to: [localhost:5672]
2020-05-28 14:58:40.408  INFO 12804 --- [cTaskExecutor-4] o.s.a.r.c.CachingConnectionFactory       : Attempting to connect to: [localhost:5672]
2020-05-28 14:58:41.407  WARN 12804 --- [cTaskExecutor-3] o.s.a.r.l.SimpleMessageListenerContainer : Consumer raised exception, processing can restart if the connection factory supports it. Exception summary: org.springframework.amqp.AmqpConnectException: java.net.ConnectException: Connection refused: connect
2020-05-28 14:58:41.408  INFO 12804 --- [cTaskExecutor-3] o.s.a.r.l.SimpleMessageListenerContainer : Restarting Consumer@58ee9ae: tags=[{}], channel=null, acknowledgeMode=AUTO local queue size=0
2020-05-28 14:58:44.428  INFO 12804 --- [           main] o.s.a.r.c.CachingConnectionFactory       : Attempting to connect to: [localhost:5672]
2020-05-28 14:58:45.417  WARN 12804 --- [cTaskExecutor-4] o.s.a.r.l.SimpleMessageListenerContainer : Consumer raised exception, processing can restart if the connection factory supports it. Exception summary: org.springframework.amqp.AmqpConnectException: java.net.ConnectException: Connection refused: connect
2020-05-28 14:58:45.417  INFO 12804 --- [cTaskExecutor-4] o.s.a.r.l.SimpleMessageListenerContainer : Restarting Consumer@366ef5dc: tags=[{}], channel=null, acknowledgeMode=AUTO local queue size=0
2020-05-28 14:58:48.439  INFO 12804 --- [cTaskExecutor-5] o.s.a.r.c.CachingConnectionFactory       : Attempting to connect to: [localhost:5672]
]]></system-out>
  </testcase>
</testsuite>